<?xml version="1.0" encoding="UTF-8"?>
<robot generator="Robot 6.0.2 (Python 3.11.3 on win32)" generated="20230515 13:20:56.706" rpa="false" schemaversion="3">
<suite id="s1" name="Test" source="C:\Users\ett21016\Desktop\ett_ta_2023\rf_py\py\rf\se2\test.robot">
<test id="s1-t1" name="Simple Test Case" line="10">
<kw name="Should Be Title Case" library="String">
<arg>Robot Framework</arg>
<doc>Fails if given ``string`` is not title.</doc>
<status status="PASS" starttime="20230515 13:20:56.747" endtime="20230515 13:20:56.748"/>
</kw>
<kw name="Should Be Equal" library="BuiltIn">
<arg>Text123</arg>
<arg>Text123</arg>
<doc>Fails if the given objects are unequal.</doc>
<status status="PASS" starttime="20230515 13:20:56.748" endtime="20230515 13:20:56.748"/>
</kw>
<kw name="Should Be True" library="BuiltIn">
<arg>5 + 5 == 20</arg>
<doc>Fails if the given condition is not true.</doc>
<msg timestamp="20230515 13:20:56.749" level="FAIL">'5 + 5 == 20' should be true.</msg>
<status status="FAIL" starttime="20230515 13:20:56.748" endtime="20230515 13:20:56.749"/>
</kw>
<doc>Shows some assertion keywords</doc>
<status status="FAIL" starttime="20230515 13:20:56.747" endtime="20230515 13:20:56.749">'5 + 5 == 20' should be true.</status>
</test>
<test id="s1-t2" name="Test with Keywords" line="16">
<kw name="Store Text" library="keywords">
<arg>Hail Our Robot</arg>
<kw name="Log" library="BuiltIn">
<arg>The text "${text}" will be store in the variable \${stored_text}.</arg>
<doc>Logs the given message with the given level.</doc>
<msg timestamp="20230515 13:20:56.750" level="INFO">The text "Hail Our Robot" will be store in the variable ${stored_text}.</msg>
<status status="PASS" starttime="20230515 13:20:56.750" endtime="20230515 13:20:56.750"/>
</kw>
<kw name="Set Suite Variable" library="BuiltIn">
<arg>${stored_text}</arg>
<arg>${text}</arg>
<doc>Makes a variable available everywhere within the scope of the current suite.</doc>
<msg timestamp="20230515 13:20:56.751" level="INFO">${stored_text} = Hail Our Robot</msg>
<status status="PASS" starttime="20230515 13:20:56.750" endtime="20230515 13:20:56.751"/>
</kw>
<status status="PASS" starttime="20230515 13:20:56.750" endtime="20230515 13:20:56.751"/>
</kw>
<kw name="Add Text To Stored Text" library="keywords">
<arg>Overlords!</arg>
<kw name="Set Variable" library="BuiltIn">
<var>${full_text}</var>
<arg>${stored_text} ${text}</arg>
<doc>Returns the given values which can then be assigned to a variables.</doc>
<msg timestamp="20230515 13:20:56.752" level="INFO">${full_text} = Hail Our Robot Overlords!</msg>
<status status="PASS" starttime="20230515 13:20:56.752" endtime="20230515 13:20:56.752"/>
</kw>
<kw name="Log" library="BuiltIn">
<arg>The resulting text is: ${full_text}</arg>
<doc>Logs the given message with the given level.</doc>
<msg timestamp="20230515 13:20:56.752" level="INFO">The resulting text is: Hail Our Robot Overlords!</msg>
<status status="PASS" starttime="20230515 13:20:56.752" endtime="20230515 13:20:56.752"/>
</kw>
<kw name="Set Suite Variable" library="BuiltIn">
<arg>${stored_text}</arg>
<arg>${full_text}</arg>
<doc>Makes a variable available everywhere within the scope of the current suite.</doc>
<msg timestamp="20230515 13:20:56.753" level="INFO">${stored_text} = Hail Our Robot Overlords!</msg>
<status status="PASS" starttime="20230515 13:20:56.753" endtime="20230515 13:20:56.753"/>
</kw>
<status status="PASS" starttime="20230515 13:20:56.752" endtime="20230515 13:20:56.753"/>
</kw>
<kw name="Verify Stored Text Length" library="keywords">
<arg>23</arg>
<kw name="Length Should Be" library="BuiltIn">
<arg>${stored_text}</arg>
<arg>${expected_length}</arg>
<doc>Verifies that the length of the given item is correct.</doc>
<msg timestamp="20230515 13:20:56.753" level="INFO">Length is 25</msg>
<msg timestamp="20230515 13:20:56.753" level="FAIL">Length of 'Hail Our Robot Overlords!' should be 23 but is 25.</msg>
<status status="FAIL" starttime="20230515 13:20:56.753" endtime="20230515 13:20:56.754"/>
</kw>
<status status="FAIL" starttime="20230515 13:20:56.753" endtime="20230515 13:20:56.754"/>
</kw>
<kw name="Get Stored Text" library="keywords">
<var>${current_text}</var>
<status status="NOT RUN" starttime="20230515 13:20:56.754" endtime="20230515 13:20:56.754"/>
</kw>
<kw name="Should Be Equal" library="BuiltIn">
<arg>${current_text}</arg>
<arg>Hail Our Robot Overlords!</arg>
<doc>Fails if the given objects are unequal.</doc>
<status status="NOT RUN" starttime="20230515 13:20:56.754" endtime="20230515 13:20:56.754"/>
</kw>
<status status="FAIL" starttime="20230515 13:20:56.750" endtime="20230515 13:20:56.755">Length of 'Hail Our Robot Overlords!' should be 23 but is 25.</status>
</test>
<test id="s1-t3" name="Test for the year 2022" line="23">
<kw name="Get Current Date" library="DateTime">
<var>${date}</var>
<arg>result_format=datetime</arg>
<doc>Returns current local or UTC time with an optional increment.</doc>
<msg timestamp="20230515 13:20:56.756" level="INFO">${date} = 2023-05-15 13:20:56.756371</msg>
<status status="PASS" starttime="20230515 13:20:56.756" endtime="20230515 13:20:56.756"/>
</kw>
<kw name="Log" library="BuiltIn">
<arg>${date}</arg>
<doc>Logs the given message with the given level.</doc>
<msg timestamp="20230515 13:20:56.756" level="INFO">2023-05-15 13:20:56.756371</msg>
<status status="PASS" starttime="20230515 13:20:56.756" endtime="20230515 13:20:56.757"/>
</kw>
<kw name="Should Be Equal As Strings" library="BuiltIn">
<arg>${date.year}</arg>
<arg>2023</arg>
<doc>Fails if objects are unequal after converting them to strings.</doc>
<msg timestamp="20230515 13:20:56.757" level="INFO">Argument types are:
&lt;class 'int'&gt;
&lt;class 'str'&gt;</msg>
<status status="PASS" starttime="20230515 13:20:56.757" endtime="20230515 13:20:56.757"/>
</kw>
<doc>Tests if it is still 2022...</doc>
<status status="PASS" starttime="20230515 13:20:56.756" endtime="20230515 13:20:56.757"/>
</test>
<test id="s1-t4" name="Test Case that fails" line="29">
<kw name="Check Correct Greeting" library="keywords">
<arg>Hail Our Robot Overlords!</arg>
<if>
<branch type="IF" condition="$greeting == 'Hail Our Robot Overlords!'">
<kw name="Log To Console" library="BuiltIn">
<arg>\nYou may proceed...</arg>
<doc>Logs the given message to the console.</doc>
<status status="PASS" starttime="20230515 13:20:56.760" endtime="20230515 13:20:56.760"/>
</kw>
<status status="PASS" starttime="20230515 13:20:56.758" endtime="20230515 13:20:56.760"/>
</branch>
<branch type="ELSE">
<kw name="Fail" library="BuiltIn">
<arg>Sorry. But that was the wrong answer... Bye Bye...</arg>
<doc>Fails the test with the given message and optionally alters its tags.</doc>
<status status="NOT RUN" starttime="20230515 13:20:56.760" endtime="20230515 13:20:56.760"/>
</kw>
<status status="NOT RUN" starttime="20230515 13:20:56.760" endtime="20230515 13:20:56.760"/>
</branch>
<status status="PASS" starttime="20230515 13:20:56.758" endtime="20230515 13:20:56.760"/>
</if>
<status status="PASS" starttime="20230515 13:20:56.758" endtime="20230515 13:20:56.760"/>
</kw>
<status status="PASS" starttime="20230515 13:20:56.758" endtime="20230515 13:20:56.761"/>
</test>
<doc>This .robot file is a suite

Keywords are imported from the resource file</doc>
<status status="FAIL" starttime="20230515 13:20:56.708" endtime="20230515 13:20:56.761"/>
</suite>
<statistics>
<total>
<stat pass="2" fail="2" skip="0">All Tests</stat>
</total>
<tag>
</tag>
<suite>
<stat pass="2" fail="2" skip="0" id="s1" name="Test">Test</stat>
</suite>
</statistics>
<errors>
</errors>
</robot>
