<?xml version="1.0" encoding="UTF-8"?>
<robot generator="Robot 6.0.2 (Python 3.11.3 on win32)" generated="20230525 10:20:00.893" rpa="false" schemaversion="3">
<suite id="s1" name="testersDock" source="C:\Users\ett21016\Desktop\ett_ta_2023\ett_ta\Ett_ta_2023\testersDock\testersDock.robot">
<test id="s1-t1" name="Do a POST Request and validate the response code, response body, and response headers" line="15">
<kw name="Create Session" library="RequestsLibrary">
<arg>mysession</arg>
<arg>https://jsonplaceholder.typicode.com</arg>
<arg>verify=true</arg>
<doc>Create Session: create a HTTP session to a server</doc>
<msg timestamp="20230525 10:20:01.267" level="INFO">Creating Session using : alias=mysession, url=https://jsonplaceholder.typicode.com, headers={},                     cookies={}, auth=None, timeout=None, proxies=None, verify=True,                     debug=0 </msg>
<status status="PASS" starttime="20230525 10:20:01.267" endtime="20230525 10:20:01.267"/>
</kw>
<kw name="Create Dictionary" library="BuiltIn">
<var>&amp;{body}</var>
<arg>title=foo</arg>
<arg>body=bar</arg>
<arg>userId=9000</arg>
<doc>Creates and returns a dictionary based on the given ``items``.</doc>
<msg timestamp="20230525 10:20:01.268" level="INFO">&amp;{body} = { title=foo | body=bar | userId=9000 }</msg>
<status status="PASS" starttime="20230525 10:20:01.268" endtime="20230525 10:20:01.268"/>
</kw>
<kw name="Create Dictionary" library="BuiltIn">
<var>&amp;{header}</var>
<arg>Cache-Control=no-cache</arg>
<doc>Creates and returns a dictionary based on the given ``items``.</doc>
<msg timestamp="20230525 10:20:01.269" level="INFO">&amp;{header} = { Cache-Control=no-cache }</msg>
<status status="PASS" starttime="20230525 10:20:01.269" endtime="20230525 10:20:01.269"/>
</kw>
<kw name="POST On Session" library="RequestsLibrary">
<var>${response}</var>
<arg>mysession</arg>
<arg>/posts</arg>
<arg>data=${body}</arg>
<arg>headers=${header}</arg>
<doc>Sends a POST request on a previously created HTTP Session.</doc>
<msg timestamp="20230525 10:20:01.669" level="INFO">POST Request : url=https://jsonplaceholder.typicode.com/posts 
 path_url=/posts 
 headers={'User-Agent': 'python-requests/2.31.0', 'Accept-Encoding': 'gzip, deflate', 'Accept': '*/*', 'Connection': 'keep-alive', 'Cache-Control': 'no-cache', 'Content-Length': '30', 'Content-Type': 'application/x-www-form-urlencoded'} 
 body=title=foo&amp;body=bar&amp;userId=9000 
 </msg>
<msg timestamp="20230525 10:20:01.669" level="INFO">POST Response : url=https://jsonplaceholder.typicode.com/posts 
 status=201, reason=Created 
 headers={'Date': 'Thu, 25 May 2023 07:20:01 GMT', 'Content-Type': 'application/json; charset=utf-8', 'Content-Length': '70', 'Connection': 'keep-alive', 'X-Powered-By': 'Express', 'X-Ratelimit-Limit': '1000', 'X-Ratelimit-Remaining': '999', 'X-Ratelimit-Reset': '1684999230', 'Vary': 'Origin, X-HTTP-Method-Override, Accept-Encoding', 'Access-Control-Allow-Credentials': 'true', 'Cache-Control': 'no-cache', 'Pragma': 'no-cache', 'Expires': '-1', 'Access-Control-Expose-Headers': 'Location', 'Location': 'http://jsonplaceholder.typicode.com/posts/101', 'X-Content-Type-Options': 'nosniff', 'Etag': 'W/"46-tEKL1wxrjzPlkqKj2ScpRQ6IqC8"', 'Via': '1.1 vegur', 'CF-Cache-Status': 'DYNAMIC', 'Report-To': '{"endpoints":[{"url":"https:\\/\\/a.nel.cloudflare.com\\/report\\/v3?s=oR5%2BmdAmyBE6FNVDGzalIuPJ5b5vMscFL4oj62iu1ECfqLEb3FRJAwWDAOAPMnnLXUF3yj1Puef%2BEkNR5nrY02BK8PNM3RENo78TFM6Osd%2B%2F7Ek5mTIcxk%2FuUeGeQZ1TXri4SSqszc0LaKoHQw0%3D"}],"group":"cf-nel","max_age":604800}', 'NEL': '{"success_fraction":0,"report_to":"cf-nel","max_age":604800}', 'Server': 'cloudflare', 'CF-RAY': '7ccc0370dc8ad91a-HEL'} 
 body={
  "title": "foo",
  "body": "bar",
  "userId": "9000",
  "id": 101
} 
 </msg>
<msg timestamp="20230525 10:20:01.669" level="INFO">${response} = &lt;Response [201]&gt;</msg>
<status status="PASS" starttime="20230525 10:20:01.269" endtime="20230525 10:20:01.669"/>
</kw>
<kw name="Status Should Be" library="RequestsLibrary">
<arg>201</arg>
<arg>${response}</arg>
<doc>Fails if response status code is different than the expected.</doc>
<status status="PASS" starttime="20230525 10:20:01.669" endtime="20230525 10:20:01.669"/>
</kw>
<kw name="Get Value From Json" library="JSONLibrary">
<var>${id}</var>
<arg>${response.json()}</arg>
<arg>id</arg>
<doc>Get Value From JSON using JSONPath</doc>
<msg timestamp="20230525 10:20:01.716" level="INFO">${id} = [101]</msg>
<status status="PASS" starttime="20230525 10:20:01.669" endtime="20230525 10:20:01.716"/>
</kw>
<kw name="Get From List" library="Collections">
<var>${idFromList}</var>
<arg>${id}</arg>
<arg>0</arg>
<doc>Returns the value specified with an ``index`` from ``list``.</doc>
<msg timestamp="20230525 10:20:01.717" level="INFO">${idFromList} = 101</msg>
<status status="PASS" starttime="20230525 10:20:01.717" endtime="20230525 10:20:01.717"/>
</kw>
<kw name="Convert To String" library="BuiltIn">
<var>${idFromListAsString}</var>
<arg>${idFromList}</arg>
<doc>Converts the given item to a Unicode string.</doc>
<msg timestamp="20230525 10:20:01.717" level="INFO">${idFromListAsString} = 101</msg>
<status status="PASS" starttime="20230525 10:20:01.717" endtime="20230525 10:20:01.717"/>
</kw>
<kw name="Should Be Equal As Strings" library="BuiltIn">
<arg>${idFromListAsString}</arg>
<arg>101</arg>
<doc>Fails if objects are unequal after converting them to strings.</doc>
<status status="PASS" starttime="20230525 10:20:01.718" endtime="20230525 10:20:01.718"/>
</kw>
<kw name="Get From Dictionary" library="Collections">
<var>${getHeaderValue}</var>
<arg>${response.headers}</arg>
<arg>Content-Type</arg>
<doc>Returns a value from the given ``dictionary`` based on the given ``key``.</doc>
<msg timestamp="20230525 10:20:01.719" level="INFO">${getHeaderValue} = application/json; charset=utf-8</msg>
<status status="PASS" starttime="20230525 10:20:01.719" endtime="20230525 10:20:01.719"/>
</kw>
<kw name="Should Be Equal" library="BuiltIn">
<arg>${getHeaderValue}</arg>
<arg>application/json; charset=utf-8</arg>
<doc>Fails if the given objects are unequal.</doc>
<status status="PASS" starttime="20230525 10:20:01.720" endtime="20230525 10:20:01.720"/>
</kw>
<doc>This test case verifies that the response code of the POST Request should be 201,
the response body contains the 'id' key with value '101',
and the response header 'Content-Type' has the value 'application/json; charset=utf-8'.</doc>
<tag>Regression</tag>
<status status="PASS" starttime="20230525 10:20:01.259" endtime="20230525 10:20:01.720"/>
</test>
<doc>API Testing in Robot Framework</doc>
<status status="PASS" starttime="20230525 10:20:00.893" endtime="20230525 10:20:01.722"/>
</suite>
<statistics>
<total>
<stat pass="1" fail="0" skip="0">All Tests</stat>
</total>
<tag>
<stat pass="1" fail="0" skip="0">Regression</stat>
</tag>
<suite>
<stat pass="1" fail="0" skip="0" id="s1" name="testersDock">testersDock</stat>
</suite>
</statistics>
<errors>
</errors>
</robot>
