<?xml version="1.0" encoding="UTF-8"?>
<robot generator="Robot 6.0.2 (Python 3.11.3 on win32)" generated="20230523 15:58:18.213" rpa="false" schemaversion="3">
<suite id="s1" name="Sctc" source="C:\Users\ett21016\Desktop\ett_ta_2023\SpeedController\sctc.robot">
<test id="s1-t1" name="Testing an object" line="11">
<kw name="creating an object">
<for flavor="IN">
<var>${Current_speed_limit}</var>
<value>@{SPEED_LIMIT}</value>
<iter>
<var name="${Current_speed_limit}">30</var>
<kw name="Log" library="BuiltIn">
<arg>${Current_speed_limit}</arg>
<doc>Logs the given message with the given level.</doc>
<msg timestamp="20230523 15:58:18.237" level="INFO">30</msg>
<status status="PASS" starttime="20230523 15:58:18.237" endtime="20230523 15:58:18.237"/>
</kw>
<kw name="Set Speed Limit" library="volkswagen">
<arg>${Current_speed_limit}</arg>
<msg timestamp="20230523 15:58:18.237" level="INFO">Setting speed limit to 30 [km/h]</msg>
<status status="PASS" starttime="20230523 15:58:18.237" endtime="20230523 15:58:18.237"/>
</kw>
<kw name="Car Is Moving" library="volkswagen">
<msg timestamp="20230523 15:58:18.237" level="INFO">The car is moving</msg>
<status status="PASS" starttime="20230523 15:58:18.237" endtime="20230523 15:58:18.237"/>
</kw>
<kw name="Speed Is Within Limit" library="volkswagen">
<msg timestamp="20230523 15:58:18.237" level="INFO">Checking if current speed 27 [km/h] is whithin the speed limit</msg>
<status status="PASS" starttime="20230523 15:58:18.237" endtime="20230523 15:58:18.238"/>
</kw>
<status status="PASS" starttime="20230523 15:58:18.237" endtime="20230523 15:58:18.238"/>
</iter>
<iter>
<var name="${Current_speed_limit}">60</var>
<kw name="Log" library="BuiltIn">
<arg>${Current_speed_limit}</arg>
<doc>Logs the given message with the given level.</doc>
<msg timestamp="20230523 15:58:18.238" level="INFO">60</msg>
<status status="PASS" starttime="20230523 15:58:18.238" endtime="20230523 15:58:18.238"/>
</kw>
<kw name="Set Speed Limit" library="volkswagen">
<arg>${Current_speed_limit}</arg>
<msg timestamp="20230523 15:58:18.238" level="INFO">Setting speed limit to 60 [km/h]</msg>
<status status="PASS" starttime="20230523 15:58:18.238" endtime="20230523 15:58:18.238"/>
</kw>
<kw name="Car Is Moving" library="volkswagen">
<msg timestamp="20230523 15:58:18.239" level="INFO">The car is moving</msg>
<status status="PASS" starttime="20230523 15:58:18.238" endtime="20230523 15:58:18.239"/>
</kw>
<kw name="Speed Is Within Limit" library="volkswagen">
<msg timestamp="20230523 15:58:18.239" level="INFO">Checking if current speed 57 [km/h] is whithin the speed limit</msg>
<status status="PASS" starttime="20230523 15:58:18.239" endtime="20230523 15:58:18.239"/>
</kw>
<status status="PASS" starttime="20230523 15:58:18.238" endtime="20230523 15:58:18.239"/>
</iter>
<iter>
<var name="${Current_speed_limit}">80</var>
<kw name="Log" library="BuiltIn">
<arg>${Current_speed_limit}</arg>
<doc>Logs the given message with the given level.</doc>
<msg timestamp="20230523 15:58:18.239" level="INFO">80</msg>
<status status="PASS" starttime="20230523 15:58:18.239" endtime="20230523 15:58:18.239"/>
</kw>
<kw name="Set Speed Limit" library="volkswagen">
<arg>${Current_speed_limit}</arg>
<msg timestamp="20230523 15:58:18.239" level="INFO">Setting speed limit to 80 [km/h]</msg>
<status status="PASS" starttime="20230523 15:58:18.239" endtime="20230523 15:58:18.239"/>
</kw>
<kw name="Car Is Moving" library="volkswagen">
<msg timestamp="20230523 15:58:18.239" level="INFO">The car is moving</msg>
<status status="PASS" starttime="20230523 15:58:18.239" endtime="20230523 15:58:18.239"/>
</kw>
<kw name="Speed Is Within Limit" library="volkswagen">
<msg timestamp="20230523 15:58:18.240" level="INFO">Checking if current speed 77 [km/h] is whithin the speed limit</msg>
<status status="PASS" starttime="20230523 15:58:18.240" endtime="20230523 15:58:18.240"/>
</kw>
<status status="PASS" starttime="20230523 15:58:18.239" endtime="20230523 15:58:18.240"/>
</iter>
<iter>
<var name="${Current_speed_limit}">100</var>
<kw name="Log" library="BuiltIn">
<arg>${Current_speed_limit}</arg>
<doc>Logs the given message with the given level.</doc>
<msg timestamp="20230523 15:58:18.240" level="INFO">100</msg>
<status status="PASS" starttime="20230523 15:58:18.240" endtime="20230523 15:58:18.240"/>
</kw>
<kw name="Set Speed Limit" library="volkswagen">
<arg>${Current_speed_limit}</arg>
<msg timestamp="20230523 15:58:18.240" level="INFO">Setting speed limit to 100 [km/h]</msg>
<status status="PASS" starttime="20230523 15:58:18.240" endtime="20230523 15:58:18.240"/>
</kw>
<kw name="Car Is Moving" library="volkswagen">
<msg timestamp="20230523 15:58:18.240" level="INFO">The car is moving</msg>
<status status="PASS" starttime="20230523 15:58:18.240" endtime="20230523 15:58:18.240"/>
</kw>
<kw name="Speed Is Within Limit" library="volkswagen">
<msg timestamp="20230523 15:58:18.240" level="INFO">Checking if current speed 97 [km/h] is whithin the speed limit</msg>
<status status="PASS" starttime="20230523 15:58:18.240" endtime="20230523 15:58:18.240"/>
</kw>
<status status="PASS" starttime="20230523 15:58:18.240" endtime="20230523 15:58:18.240"/>
</iter>
<iter>
<var name="${Current_speed_limit}">120</var>
<kw name="Log" library="BuiltIn">
<arg>${Current_speed_limit}</arg>
<doc>Logs the given message with the given level.</doc>
<msg timestamp="20230523 15:58:18.241" level="INFO">120</msg>
<status status="PASS" starttime="20230523 15:58:18.240" endtime="20230523 15:58:18.241"/>
</kw>
<kw name="Set Speed Limit" library="volkswagen">
<arg>${Current_speed_limit}</arg>
<msg timestamp="20230523 15:58:18.241" level="INFO">Setting speed limit to 120 [km/h]</msg>
<status status="PASS" starttime="20230523 15:58:18.241" endtime="20230523 15:58:18.241"/>
</kw>
<kw name="Car Is Moving" library="volkswagen">
<msg timestamp="20230523 15:58:18.241" level="INFO">The car is moving</msg>
<status status="PASS" starttime="20230523 15:58:18.241" endtime="20230523 15:58:18.241"/>
</kw>
<kw name="Speed Is Within Limit" library="volkswagen">
<msg timestamp="20230523 15:58:18.241" level="INFO">Checking if current speed 117 [km/h] is whithin the speed limit</msg>
<status status="PASS" starttime="20230523 15:58:18.241" endtime="20230523 15:58:18.241"/>
</kw>
<status status="PASS" starttime="20230523 15:58:18.240" endtime="20230523 15:58:18.241"/>
</iter>
<status status="PASS" starttime="20230523 15:58:18.236" endtime="20230523 15:58:18.241"/>
</for>
<status status="PASS" starttime="20230523 15:58:18.236" endtime="20230523 15:58:18.241"/>
</kw>
<status status="PASS" starttime="20230523 15:58:18.236" endtime="20230523 15:58:18.242"/>
</test>
<test id="s1-t2" name="Test passing with 2 variables arguments" line="14">
<kw name="I am just printing to the log and console 2 passed arguments">
<arg>${var1}</arg>
<arg>${var2}</arg>
<kw name="Log" library="BuiltIn">
<arg>${var1}</arg>
<doc>Logs the given message with the given level.</doc>
<msg timestamp="20230523 15:58:18.244" level="INFO">198</msg>
<status status="PASS" starttime="20230523 15:58:18.244" endtime="20230523 15:58:18.244"/>
</kw>
<kw name="Log" library="BuiltIn">
<arg>${var2}</arg>
<doc>Logs the given message with the given level.</doc>
<msg timestamp="20230523 15:58:18.244" level="INFO">I am an STRING</msg>
<status status="PASS" starttime="20230523 15:58:18.244" endtime="20230523 15:58:18.244"/>
</kw>
<kw name="Log To Console" library="BuiltIn">
<arg>${var1} ${var2}</arg>
<doc>Logs the given message to the console.</doc>
<status status="PASS" starttime="20230523 15:58:18.244" endtime="20230523 15:58:18.245"/>
</kw>
<status status="PASS" starttime="20230523 15:58:18.244" endtime="20230523 15:58:18.245"/>
</kw>
<status status="PASS" starttime="20230523 15:58:18.243" endtime="20230523 15:58:18.245"/>
</test>
<status status="PASS" starttime="20230523 15:58:18.214" endtime="20230523 15:58:18.247"/>
</suite>
<statistics>
<total>
<stat pass="2" fail="0" skip="0">All Tests</stat>
</total>
<tag>
</tag>
<suite>
<stat pass="2" fail="0" skip="0" id="s1" name="Sctc">Sctc</stat>
</suite>
</statistics>
<errors>
</errors>
</robot>
